C51 COMPILER V9.57.0.0   KEY2                                                              05/09/2020 10:15:00 PAGE 1   


C51 COMPILER V9.57.0.0, COMPILATION OF MODULE KEY2
OBJECT MODULE PLACED IN .\obj\KEY2.obj
COMPILER INVOKED BY: C:\Keil_v5\C51\BIN\C51.EXE app\KEY2.c OPTIMIZE(8,SPEED) BROWSE INCDIR(.\user;.\app) DEBUG OBJECTEXT
                    -END PRINT(.\obj\KEY2.lst) TABS(2) OBJECT(.\obj\KEY2.obj)

line level    source

   1          /* Includes ------------------------------------------------------------------*/
   2          #include <main.h>
   3          
   4          /* Private define-------------------------------------------------------------*/
   5          #define  KEY2_Status  P33  
   6          
   7          #define  Set_Press_TIME          TIMER0_2S    //设定长按时间
   8          #define  Set_Double_Click_TIME   TIMER0_200mS //设定双击时间
   9          
  10          /* Private variables----------------------------------------------------------*/
  11          static uint8_t Click_Buf = FALSE; //单击状态缓存
  12          
  13          /* Private function prototypes------------------------------------------------*/
  14          static void KEY_Detect(void);   //按钮开关检测
  15          
  16          /* Public variables-----------------------------------------------------------*/
  17          //结构体定义
  18          KEY_t           KEY2        = {FALSE,FALSE,FALSE,FALSE,KEY_Detect};      
  19          STA_Machine_t   STA_Machine = {STA1_KEY_Up,0,0};
  20          
  21          /*
  22            * @name   KEY_Detect
  23            * @brief  按钮开关检测
  24            * @param  None
  25            * @retval None      
  26          */
  27          static void KEY_Detect() 
  28          {
  29   1        //间隔10ms检测状态机状态，   10ms -> 典型的按键消抖时间
  30   1        if(STA_Machine.ucSTA_Machine_Scan_Timer >= TIMER0_10mS)
*** ERROR C202 IN LINE 30 OF app\KEY2.c: 'TIMER0_10mS': undefined identifier
  31   1        {
  32   2          //运行有限状态机进行KEY2检测 -> 单击，双击，长按
  33   2          switch(STA_Machine.ucSTA_Machine_Status)
  34   2          {
  35   3            case STA1_KEY_Up:  //弹起状态
  36   3            {
  37   4              //进行单击检测
  38   4              if(KEY2_Status == 1)
  39   4              {
  40   5                if(Click_Buf == TRUE)
  41   5                {
  42   6                  if(STA_Machine.usKEY2_Doule_Click_Timer >= Set_Double_Click_TIME)
*** ERROR C202 IN LINE 42 OF app\KEY2.c: 'TIMER0_200mS': undefined identifier
  43   6                  {
  44   7                    KEY2.KEY_Flag = TRUE;
  45   7                    KEY2.Click    = TRUE;
  46   7                    
  47   7                    Click_Buf = FALSE; //清除单击缓存
  48   7                  }
  49   6                }
  50   5              }
  51   4              else //检测到低电平，状态切换至按下抖动
  52   4              {
C51 COMPILER V9.57.0.0   KEY2                                                              05/09/2020 10:15:00 PAGE 2   

  53   5                STA_Machine.ucSTA_Machine_Status = STA2_KEY_DownShake;
  54   5              }
  55   4              break;
  56   4            }
  57   3            case STA2_KEY_DownShake: //按下抖动状态
  58   3            {
  59   4              if(KEY2_Status == 0)
  60   4              {
  61   5                STA_Machine.ucSTA_Machine_Status = STA3_KEY_Down;
  62   5      
  63   5                STA_Machine.usKEY2_Press_Timer = 0; //长按检测定时器清零,开始计时
  64   5              }
  65   4              else
  66   4              {
  67   5                STA_Machine.ucSTA_Machine_Status = STA1_KEY_Up;
  68   5              }
  69   4              break;
  70   4            }
  71   3            case STA3_KEY_Down:  //按下状态
  72   3            {
  73   4              if(KEY2_Status == 0) 
  74   4              {
  75   5                //进行长按检测
  76   5                if(KEY2.Press == FALSE)
  77   5                {
  78   6                  if(STA_Machine.usKEY2_Press_Timer >= Set_Press_TIME)
*** ERROR C202 IN LINE 78 OF app\KEY2.c: 'TIMER0_2S': undefined identifier
  79   6                  {
  80   7                    STA_Machine.ucSTA_Machine_Status = STA4_KEY_UpShake;
  81   7                    KEY2.KEY_Flag = TRUE;
  82   7                    KEY2.Press    = TRUE;
  83   7      
  84   7                    if(Click_Buf == TRUE)
  85   7                      Click_Buf = FALSE; //检测到长按，清除上一次的按键单击缓存
  86   7                  }
  87   6                }
  88   5              }
  89   4              else 
  90   4              {
  91   5                STA_Machine.ucSTA_Machine_Status = STA4_KEY_UpShake;
  92   5                if(KEY2.Press == FALSE)
  93   5                {
  94   6                  //双击检测
  95   6                  if(Click_Buf == TRUE)
  96   6                  {
  97   7                    KEY2.KEY_Flag     = TRUE;
  98   7                    KEY2.Double_Click = TRUE;
  99   7      
 100   7                    Click_Buf = FALSE; //清除单击缓存
 101   7                  }
 102   6                  else
 103   6                  {
 104   7                    Click_Buf  = TRUE; //单击缓存
 105   7                    STA_Machine.usKEY2_Doule_Click_Timer = 0; //双击检测定时器清零,开始计时
 106   7                  } 
 107   6                }
 108   5              }
 109   4              break;
 110   4            }
 111   3            case STA4_KEY_UpShake:  //弹起抖动状态
 112   3            {
 113   4              if(KEY2_Status == 1)
C51 COMPILER V9.57.0.0   KEY2                                                              05/09/2020 10:15:00 PAGE 3   

 114   4                STA_Machine.ucSTA_Machine_Status = STA1_KEY_Up;
 115   4              break;
 116   4            }
 117   3            default: STA_Machine.ucSTA_Machine_Status = STA1_KEY_Up;  
 118   3          }
 119   2      
 120   2      
 121   2          ////////////执行按键动作，用于测试按键效果
 122   2          if(KEY2.KEY_Flag == TRUE)
 123   2          {
 124   3            KEY2.KEY_Flag = FALSE;
 125   3      
 126   3            //执行按键单击动作，指示灯翻转
 127   3            if(KEY2.Click == TRUE)
 128   3            {
 129   4              LED_Run.LED_Flip();
 130   4            }
 131   3      
 132   3            //执行按键双击动作，指示灯快闪3下
 133   3            if(KEY2.Double_Click == TRUE)
 134   3            {
 135   4              LED_Run.LED_Flip();
 136   4              Public.Delay_ms(100);
 137   4              LED_Run.LED_Flip();
 138   4              Public.Delay_ms(100);
 139   4              LED_Run.LED_Flip();
 140   4              Public.Delay_ms(100);
 141   4              LED_Run.LED_Flip();
 142   4              Public.Delay_ms(100);
 143   4              LED_Run.LED_Flip();
 144   4              Public.Delay_ms(100);
 145   4              LED_Run.LED_Flip();
 146   4            }
 147   3            
 148   3            //执行按键长按动作，指示灯快闪1下
 149   3            if(KEY2.Press == TRUE)
 150   3            {
 151   4              LED_Run.LED_Flip();
 152   4              Public.Delay_ms(100);
 153   4              LED_Run.LED_Flip();
 154   4            }
 155   3      
 156   3            KEY2.Click        = FALSE;
 157   3            KEY2.Double_Click = FALSE;
 158   3            KEY2.Press        = FALSE;
 159   3          } 
 160   2          
 161   2          STA_Machine.ucSTA_Machine_Scan_Timer = 0;
 162   2        }
 163   1      }
 164          /********************************************************
 165            End Of File
 166          ********************************************************/

C51 COMPILATION COMPLETE.  0 WARNING(S),  3 ERROR(S)
