C51 COMPILER V9.57.0.0   LED                                                               05/09/2020 10:34:38 PAGE 1   


C51 COMPILER V9.57.0.0, COMPILATION OF MODULE LED
OBJECT MODULE PLACED IN .\obj\LED.obj
COMPILER INVOKED BY: C:\Keil_v5\C51\BIN\C51.EXE app\LED.c OPTIMIZE(8,SPEED) BROWSE INCDIR(.\user;.\app) DEBUG OBJECTEXTE
                    -ND PRINT(.\obj\LED.lst) TABS(2) OBJECT(.\obj\LED.obj)

line level    source

   1          /* Includes ------------------------------------------------------------------*/
   2          #include <main.h>
   3          
   4          /* Private define-------------------------------------------------------------*/
   5          
   6          /* Private variables----------------------------------------------------------*/
   7          static void Run_LED_ON(void); 
   8          static void Run_LED_OFF(void);
   9          static void Run_LED_Flip(void);
  10          
  11          /* Public variables-----------------------------------------------------------*/
  12          LED_t LED_Run = 
  13          {
  14            Run_LED_ON,
  15            Run_LED_OFF,
  16            Run_LED_Flip
  17          };
  18          
  19          /* Private function prototypes------------------------------------------------*/      
  20          
  21          /*
  22            * @name   Run_LED_ON
  23            * @brief  关闭运行指示灯
  24            * @param  None
  25            * @retval None      
  26          */
  27          static void Run_LED_ON()
  28          {
  29   1        MCU_Run_LED = MCU_Run_LED_ON;
  30   1      }
  31          
  32          /*
  33            * @name   Run_LED_OFF
  34            * @brief  打开运行指示灯
  35            * @param  None
  36            * @retval None      
  37          */
  38          static void Run_LED_OFF()
  39          {
  40   1        MCU_Run_LED = MCU_Run_LED_OFF;
  41   1      }
  42          
  43          /*
  44            * @name   Run_LED_Flip
  45            * @brief  翻转充电指示灯
  46            * @param  None
  47            * @retval None      
  48          */
  49          static void Run_LED_Flip()
  50          {
  51   1        MCU_Run_LED = ~MCU_Run_LED;
  52   1      }
  53          /********************************************************
  54            End Of File
C51 COMPILER V9.57.0.0   LED                                                               05/09/2020 10:34:38 PAGE 2   

  55          ********************************************************/


MODULE INFORMATION:   STATIC OVERLAYABLE
   CODE SIZE        =      9    ----
   CONSTANT SIZE    =   ----    ----
   XDATA SIZE       =   ----    ----
   PDATA SIZE       =   ----    ----
   DATA SIZE        =      9    ----
   IDATA SIZE       =   ----    ----
   BIT SIZE         =   ----    ----
END OF MODULE INFORMATION.


C51 COMPILATION COMPLETE.  0 WARNING(S),  0 ERROR(S)
