C51 COMPILER V9.57.0.0   MAIN                                                              05/09/2020 10:34:38 PAGE 1   


C51 COMPILER V9.57.0.0, COMPILATION OF MODULE MAIN
OBJECT MODULE PLACED IN .\obj\main.obj
COMPILER INVOKED BY: C:\Keil_v5\C51\BIN\C51.EXE user\main.c OPTIMIZE(8,SPEED) BROWSE INCDIR(.\user;.\app) DEBUG OBJECTEX
                    -TEND PRINT(.\obj\main.lst) TABS(2) OBJECT(.\obj\main.obj)

line level    source

   1          /******************************************************************************
   2            * @file    main.c 
   3            * @author  刘杰
   4            * @version V1.0
   5            * @date    2020-3-19
   6            * @Conpany 
   7            * @project 最强点灯
   8          *******************************************************************************/
   9          
  10          /* Includes ------------------------------------------------------------------*/
  11          #include <main.h>
  12          
  13          /* Private define-------------------------------------------------------------*/
  14          
  15          /* Private variables----------------------------------------------------------*/
  16          
  17          /* Public variables-----------------------------------------------------------*/
  18          
  19          /* Private function prototypes------------------------------------------------*/
  20          
  21          /*
  22            * @name   main
  23            * @brief  主函数
  24            * @param  None  
  25            * @retval None      
  26          */
  27          int main(void)
  28          { 
  29   1        //系统初始化
  30   1        Hardware_Init.Sys_Init();
  31   1        
  32   1        ////系统主循环
  33   1        while(1)
  34   1        {
  35   2          //运行状态机
  36   2          switch(STA_Machine.ucSTA_Machine_Status)
  37   2          {
  38   3            case STA1: STA_Machine.Fun_STA1();  break;
  39   3            case STA2: STA_Machine.Fun_STA2();  break;
  40   3            case STA3: STA_Machine.Fun_STA3();  break;
  41   3            case STA4: STA_Machine.Fun_STA4();  break;
  42   3            case STA5: STA_Machine.Fun_STA5();  break;
  43   3            case STA6: STA_Machine.Fun_STA6();  break;
  44   3            case STA7: STA_Machine.Fun_STA7();  break;
  45   3            case STA8: STA_Machine.Fun_STA8();  break;
  46   3            default: STA_Machine.ucSTA_Machine_Status = STA1;
  47   3          }
  48   2        }
  49   1      }
  50          /********************************************************
  51            End Of File
  52          ********************************************************/
  53          

C51 COMPILER V9.57.0.0   MAIN                                                              05/09/2020 10:34:38 PAGE 2   


MODULE INFORMATION:   STATIC OVERLAYABLE
   CODE SIZE        =    108    ----
   CONSTANT SIZE    =   ----    ----
   XDATA SIZE       =   ----    ----
   PDATA SIZE       =   ----    ----
   DATA SIZE        =   ----    ----
   IDATA SIZE       =   ----    ----
   BIT SIZE         =   ----    ----
END OF MODULE INFORMATION.


C51 COMPILATION COMPLETE.  0 WARNING(S),  0 ERROR(S)
