C51 COMPILER V9.57.0.0   PUBLIC                                                            05/09/2020 10:34:38 PAGE 1   


C51 COMPILER V9.57.0.0, COMPILATION OF MODULE PUBLIC
OBJECT MODULE PLACED IN .\obj\public.obj
COMPILER INVOKED BY: C:\Keil_v5\C51\BIN\C51.EXE user\public.c OPTIMIZE(8,SPEED) BROWSE INCDIR(.\user;.\app) DEBUG OBJECT
                    -EXTEND PRINT(.\obj\public.lst) TABS(2) OBJECT(.\obj\public.obj)

line level    source

   1          /* Includes ------------------------------------------------------------------*/
   2          #include <main.h>
   3          
   4          /* Private define-------------------------------------------------------------*/
   5          
   6          /* Private variables----------------------------------------------------------*/
   7          static void Delay_ms(uint16_t);               //ms延时函数
   8          
   9          /* Public variables-----------------------------------------------------------*/
  10          Public_t  Public = 
  11          {
  12            Delay_ms,
  13          };
  14          
  15          /* Private function prototypes------------------------------------------------*/
  16          
  17          /*
  18            * @name   Delay_ms
  19            * @brief  毫秒延时函数
  20            * @param  ms -> 需要延时的时间
  21            * @retval None      
  22          */
  23          static void Delay_ms(uint16_t ms)
  24          {
  25   1        uint16_t i,j;
  26   1        for(i=0;i<ms;i++)
  27   1          for(j=0;j<990;j++);
  28   1      }
  29          /********************************************************
  30            End Of File
  31          ********************************************************/


MODULE INFORMATION:   STATIC OVERLAYABLE
   CODE SIZE        =     32    ----
   CONSTANT SIZE    =   ----    ----
   XDATA SIZE       =   ----    ----
   PDATA SIZE       =   ----    ----
   DATA SIZE        =      3    ----
   IDATA SIZE       =   ----    ----
   BIT SIZE         =   ----    ----
END OF MODULE INFORMATION.


C51 COMPILATION COMPLETE.  0 WARNING(S),  0 ERROR(S)
