C51 COMPILER V9.57.0.0   SYS_INIT                                                          05/09/2020 10:34:38 PAGE 1   


C51 COMPILER V9.57.0.0, COMPILATION OF MODULE SYS_INIT
OBJECT MODULE PLACED IN .\obj\Sys_init.obj
COMPILER INVOKED BY: C:\Keil_v5\C51\BIN\C51.EXE app\Sys_init.c OPTIMIZE(8,SPEED) BROWSE INCDIR(.\user;.\app) DEBUG OBJEC
                    -TEXTEND PRINT(.\obj\Sys_init.lst) TABS(2) OBJECT(.\obj\Sys_init.obj)

line level    source

   1          /* Includes ------------------------------------------------------------------*/
   2          #include <main.h>
   3          
   4          /* Private define-------------------------------------------------------------*/
   5          
   6          /* Private variables----------------------------------------------------------*/
   7          static void GPIO_Init(void);           //通用输入输出端口初始化
   8          static void Sys_Init(void);            //系统初始化
   9          
  10          /* Public variables-----------------------------------------------------------*/
  11          Hardware_Init_t Hardware_Init = 
  12          {
  13            GPIO_Init,
  14            Sys_Init
  15          };
  16          
  17          /* Private function prototypes------------------------------------------------*/      
  18          
  19          /*
  20            * @name   GPIO_Init
  21            * @brief  通用输入输出端口初始化
  22            * @param  None
  23            * @retval None      
  24          */
  25          static void GPIO_Init()
  26          {
  27   1        //M1  M0
  28   1          //0   0      准双向口
  29   1          //0   1      推挽输出
  30   1          //1   0      高阻输入
  31   1          //1   1      开漏
  32   1        
  33   1        //P3
  34   1        //P34,P35设置为推挽输出  
  35   1        P3M1 = 0x00; //0000 0000
  36   1        P3M0 = 0x30; //0011 0000
  37   1      
  38   1        P34  = 0;  //关闭运行指示灯
  39   1        P35  = 0;  //关闭PWM指示灯
  40   1      }
  41          
  42          
  43          /*
  44            * @name   Sys_Init
  45            * @brief  系统初始化
  46            * @param  None
  47            * @retval None      
  48          */
  49          static void Sys_Init()
  50          { 
  51   1        Public.Delay_ms(50);                //上电延时50ms
  52   1        Hardware_Init.GPIO_Init();          //GPIO口初始化
  53   1      }
  54          /********************************************************
C51 COMPILER V9.57.0.0   SYS_INIT                                                          05/09/2020 10:34:38 PAGE 2   

  55            End Of File
  56          ********************************************************/


MODULE INFORMATION:   STATIC OVERLAYABLE
   CODE SIZE        =     31    ----
   CONSTANT SIZE    =   ----    ----
   XDATA SIZE       =   ----    ----
   PDATA SIZE       =   ----    ----
   DATA SIZE        =      6    ----
   IDATA SIZE       =   ----    ----
   BIT SIZE         =   ----    ----
END OF MODULE INFORMATION.


C51 COMPILATION COMPLETE.  0 WARNING(S),  0 ERROR(S)
