C51 COMPILER V9.52.0.0   TIMER0                                                            04/06/2020 08:17:19 PAGE 1   


C51 COMPILER V9.52.0.0, COMPILATION OF MODULE TIMER0
OBJECT MODULE PLACED IN .\obj\Timer0.obj
COMPILER INVOKED BY: C:\Keil4\C51\BIN\C51.EXE app\Timer0.c BROWSE INCDIR(.\user;.\app) DEBUG OBJECTEXTEND PRINT(.\obj\Ti
                    -mer0.lst) TABS(2) OBJECT(.\obj\Timer0.obj)

line level    source

   1          /* Includes ------------------------------------------------------------------*/
   2          #include <main.h>
   3          
   4          /* Private define-------------------------------------------------------------*/
   5          
   6          /* Private variables----------------------------------------------------------*/
   7          
   8          /* Private function prototypes------------------------------------------------*/      
   9          static void Timer0_Init(void);//定时器0初始化
  10          
  11          /* Public variables-----------------------------------------------------------*/
  12          Timer0_t  Timer0 = 
  13          {
  14            0,
  15            Timer0_Init
  16          };
  17          
  18          
  19          /*
  20            * @name   Timer0_Init
  21            * @brief  定时器0初始化
  22            * @param  None
  23            * @retval None      
  24          */
  25          static void Timer0_Init() //5毫秒@11.0592MHz
  26          {
  27   1        AUXR &= 0x7F; //定时器时钟12T模式
  28   1        TMOD &= 0xF0; //设置定时器模式
  29   1        TL0 = 0x00;   //设置定时初值
  30   1        TH0 = 0xEE;   //设置定时初值
  31   1        TF0 = 0;      //清除TF0标志
  32   1        TR0 = 1;      //定时器0开始计时
  33   1      }
  34          
  35          /*
  36            * @name   Timer0_isr()
  37            * @brief  定时器0中断函数(5ms中断一次)
  38            * @param  None
  39            * @retval None      
  40          */
  41          /***********定时器0中断函数***********/
  42          void Timer0_isr() interrupt 1
  43          {  
  44   1        if(++Timer0.usMCU_Run_Timer >= TIMER0_100mS)
  45   1        {
  46   2          Timer0.usMCU_Run_Timer = 0;
  47   2          //LED_Run.LED_Flip();
  48   2        }
  49   1      
  50   1        STA_Machine.ucSTA_Machine_Scan_Timer++;
  51   1        STA_Machine.usKEY2_Doule_Click_Timer++;
  52   1        STA_Machine.usKEY2_Press_Timer++;
  53   1      }
  54          /********************************************************
C51 COMPILER V9.52.0.0   TIMER0                                                            04/06/2020 08:17:19 PAGE 2   

  55            End Of File
  56          ********************************************************/


MODULE INFORMATION:   STATIC OVERLAYABLE
   CODE SIZE        =     73    ----
   CONSTANT SIZE    =   ----    ----
   XDATA SIZE       =   ----    ----
   PDATA SIZE       =   ----    ----
   DATA SIZE        =      5    ----
   IDATA SIZE       =   ----    ----
   BIT SIZE         =   ----    ----
END OF MODULE INFORMATION.


C51 COMPILATION COMPLETE.  0 WARNING(S),  0 ERROR(S)
